<?xml version="1.0" encoding="UTF-8"?>
<!-- Generated by org.testng.reporters.JUnitReportReporter -->
<testsuite skipped="0" hostname="mayank" name="com.qa.mgnrega.testcases.MISReportsPageTest" tests="2" failures="0" timestamp="23 May 2020 18:01:11 GMT" time="5.483" errors="0">
  <testcase name="openWebPortalPageTest" time="5.482" classname="com.qa.mgnrega.testcases.MISReportsPageTest"/>
  <testcase name="sendEmailToTeam" time="0.001" classname="com.qa.mgnrega.testcases.MISReportsPageTest"/>
</testsuite> <!-- com.qa.mgnrega.testcases.MISReportsPageTest -->
